<?xml version="1.0" encoding="UTF-8"?>
<testsuite xmlns:xsi="http://www.w3.org/2001/XMLSchema-instance" xsi:noNamespaceSchemaLocation="https://maven.apache.org/surefire/maven-surefire-plugin/xsd/surefire-test-report-3.0.xsd" version="3.0" name="TestRunner.SmokeRunner" time="14.83" tests="1" errors="0" skipped="0" failures="0">
  <properties>
[...]
</properties>
  <testcase name="Adding a new Employee" classname="Add a new Employee" time="13.986">
    <system-out><![CDATA[
@testcase2 @smoke
Scenario: Adding a new Employee                         &amp#27;[90m# src/test/resources/Features/AddEmployee.feature:3&amp#27;[0m
  &amp#27;[32mWhen &amp#27;[0m&amp#27;[32muser enters valid email and valid password&amp#27;[0m       &amp#27;[90m# StepDefinitions.Login.user_enters_valid_email_and_valid_password()&amp#27;[0m
  &amp#27;[32mAnd &amp#27;[0m&amp#27;[32mclick on login button&amp#27;[0m                             &amp#27;[90m# StepDefinitions.Login.click_on_login_button()&amp#27;[0m
  &amp#27;[32mWhen &amp#27;[0m&amp#27;[32muser clicks on PIM option&amp#27;[0m                        &amp#27;[90m# StepDefinitions.AddEmployee.user_clicks_on_pim_option()&amp#27;[0m
  &amp#27;[32mAnd &amp#27;[0m&amp#27;[32muser clicks on add employee button&amp#27;[0m                &amp#27;[90m# StepDefinitions.AddEmployee.user_clicks_on_add_employee_button()&amp#27;[0m
  &amp#27;[32mAnd &amp#27;[0m&amp#27;[32muser enters firstname and middlename and lastname&amp#27;[0m &amp#27;[90m# StepDefinitions.AddEmployee.user_enters_firstname_and_middlename_and_lastname()&amp#27;[0m

    Embedding Adding a new Employee [image/png 286030 bytes]

]]></system-out>
    <system-err><![CDATA[SLF4J: Failed to load class "org.slf4j.impl.StaticLoggerBinder".
SLF4J: Defaulting to no-operation (NOP) logger implementation
SLF4J: See http://www.slf4j.org/codes.html#StaticLoggerBinder for further details.
ERROR StatusLogger Log4j2 could not find a logging implementation. Please add log4j-core to the classpath. Using SimpleLogger to log to the console...
1681924138565	geckodriver	INFO	Listening on 127.0.0.1:35922
1681924138877	mozrunner::runner	INFO	Running command: MOZ_CRASHREPORTER="1" MOZ_CRASHREPORTER_NO_REPORT="1" MOZ_CRASHREPORTER_SHUTDOWN="1" MOZ_NO_REMOTE="1" "/App ... /[::1]:46283/" "-foreground" "-no-remote" "-profile" "/var/folders/v4/bmc2cn396vj12q47m7pwyz4r0000gn/T/rust_mozprofileVLbicm"
console.warn: services.settings: Ignoring preference override of remote settings server
console.warn: services.settings: Allow by setting MOZ_REMOTE_SETTINGS_DEVTOOLS=1 in the environment
1681924139542	Marionette	INFO	Marionette enabled
1681924139637	Marionette	INFO	Listening on port 61167
console.error: "Warning: unrecognized command line flag -remote-allow-hosts\n"
console.error: "Warning: unrecognized command line flag -remote-allow-origins\n"
Read port: 61167
WebDriver BiDi listening on ws://127.0.0.1:46283
1681924140081	RemoteAgent	WARN	TLS certificate errors will be ignored for this session
console.warn: SearchSettings: "get: No settings file exists, new profile?" (new NotFoundError("Could not open the file at /var/folders/v4/bmc2cn396vj12q47m7pwyz4r0000gn/T/rust_mozprofileVLbicm/search.json.mozlz4", (void 0)))
DevTools listening on ws://127.0.0.1:46283/devtools/browser/7738c087-99cc-4d8c-9f27-c9ae2771b2a1
log4j:WARN Continuable parsing error 4 and column 75
log4j:WARN Attribute "xmlns:log4j" with value "http://jakarta.apache.org/log4j/%27%3E" must have a value of "http://jakarta.apache.org/log4j/".
console.warn: LoginRecipes: "Falling back to a synchronous message for: http://hrm.syntaxtechs.net."
console.warn: LoginRecipes: "Falling back to a synchronous message for: http://hrm.syntaxtechs.net."
1681924144194	Marionette	WARN	TimedPromise timed out after 500 ms: stacktrace:
TimedPromise/<@chrome://remote/content/marionette/sync.sys.mjs:219:24
TimedPromise@chrome://remote/content/marionette/sync.sys.mjs:204:10
interaction.flushEventLoop@chrome://remote/content/marionette/interaction.sys.mjs:425:10
webdriverClickElement@chrome://remote/content/marionette/interaction.sys.mjs:173:31
1681924145714	Marionette	WARN	TimedPromise timed out after 500 ms: stacktrace:
TimedPromise/<@chrome://remote/content/marionette/sync.sys.mjs:219:24
TimedPromise@chrome://remote/content/marionette/sync.sys.mjs:204:10
interaction.flushEventLoop@chrome://remote/content/marionette/interaction.sys.mjs:425:10
webdriverClickElement@chrome://remote/content/marionette/interaction.sys.mjs:173:31
1681924148640	Marionette	WARN	TimedPromise timed out after 500 ms: stacktrace:
TimedPromise/<@chrome://remote/content/marionette/sync.sys.mjs:219:24
TimedPromise@chrome://remote/content/marionette/sync.sys.mjs:204:10
interaction.flushEventLoop@chrome://remote/content/marionette/interaction.sys.mjs:425:10
webdriverClickElement@chrome://remote/content/marionette/interaction.sys.mjs:173:31
1681924150699	RemoteAgent	INFO	Perform WebSocket upgrade for incoming connection from 127.0.0.1:61215
1681924150702	CDP	WARN	Invalid browser preferences for CDP. Set "fission.webContentIsolationStrategy"to 0 and "fission.bfcacheInParent" to false before Firefox starts.
1681924150734	Marionette	INFO	Stopped listening on port 61167
WARNING: A blocker encountered an error while we were waiting.
          Blocker:  Waiting for ping task
          Phase: TelemetryController: Waiting for pending ping activity
          State: (none)
WARNING: Error: Phase "profile-before-change" is finished, it is too late to register completion condition "OS.File: flush I/O queued before profileBeforeChange"
WARNING: addBlocker@resource://gre/modules/AsyncShutdown.sys.mjs:727:15
addBlocker@resource://gre/modules/AsyncShutdown.sys.mjs:523:26
addBlocker@resource://gre/modules/AsyncShutdown.sys.mjs:458:15
setupShutdown@resource://gre/modules/osfile/osfile_async_front.jsm:1548:28
@resource://gre/modules/osfile/osfile_async_front.jsm:1568:16
@resource://gre/modules/osfile.jsm:12:30
@resource://gre/modules/TelemetryStorage.sys.mjs:10:28
_checkPendingPings@resource://gre/modules/TelemetrySend.sys.mjs:863:17
setup@resource://gre/modules/TelemetrySend.sys.mjs:803:18
setup@resource://gre/modules/TelemetrySend.sys.mjs:241:30
setupTelemetry/this._delayedInitTask<@resource://gre/modules/TelemetryControllerParent.sys.mjs:828:36
observe@resource://gre/modules/AsyncShutdown.sys.mjs:576:16

console.error: "TelemetryScheduler.shutdown - Already shut down"
WARNING: A blocker encountered an error while we were waiting.
          Blocker:  Waiting for ping task
          Phase: TelemetryController: Waiting for pending ping activity
          State: (none)
WARNING: Error: Phase "profile-before-change" is finished, it is too late to register completion condition "OS.File: flush I/O queued before profileBeforeChange"
WARNING: addBlocker@resource://gre/modules/AsyncShutdown.sys.mjs:727:15
addBlocker@resource://gre/modules/AsyncShutdown.sys.mjs:523:26
addBlocker@resource://gre/modules/AsyncShutdown.sys.mjs:458:15
setupShutdown@resource://gre/modules/osfile/osfile_async_front.jsm:1548:28
@resource://gre/modules/osfile/osfile_async_front.jsm:1568:16
@resource://gre/modules/osfile.jsm:12:30
@resource://gre/modules/TelemetryStorage.sys.mjs:10:28
_checkPendingPings@resource://gre/modules/TelemetrySend.sys.mjs:863:17
setup@resource://gre/modules/TelemetrySend.sys.mjs:803:18
setup@resource://gre/modules/TelemetrySend.sys.mjs:241:30
setupTelemetry/this._delayedInitTask<@resource://gre/modules/TelemetryControllerParent.sys.mjs:828:36
observe@resource://gre/modules/AsyncShutdown.sys.mjs:576:16

WARNING: A blocker encountered an error while we were waiting.
          Blocker:  Waiting for ping task
          Phase: TelemetryController: Waiting for pending ping activity
          State: (none)
WARNING: Error: Phase "profile-before-change" is finished, it is too late to register completion condition "OS.File: flush I/O queued before profileBeforeChange"
WARNING: addBlocker@resource://gre/modules/AsyncShutdown.sys.mjs:727:15
addBlocker@resource://gre/modules/AsyncShutdown.sys.mjs:523:26
addBlocker@resource://gre/modules/AsyncShutdown.sys.mjs:458:15
setupShutdown@resource://gre/modules/osfile/osfileJ_aasvynaScc_rfrioptn t.ejrsrmor:1:5 4re8s:o28u
r@cree:s/o/gurrec/em:/o/dgurlees//mAodsuylnecsS/huotsdfoiwlne./osyssf.imljes_,as ylnicne_ f7ro2n7t:. jEsrmr:o1r5:6 8Ph:a1s6e
 @"rpesroofuirclee-:b/e/fogrre-e/cmhaonduglee"s /ios sffiinlies.jhesdm:,12 :i3t 0i
s@ rtoesoo luarctee :t//og rreeg/miosdteurl esc/omTeplleetmieotnry Sctoonrdaiget.iosyns ".mOSj.sF:i10l:e:2 8
f_lcuhsehc kIP/eOn dqiuenguePdin bges@froerseo purrcoef:il/e/Bgerfeo/mroeCdhulaensg/e"T
elemetJravyaSeSncdr.ispyts .emrjros:r8:6 3re:1so7u
rsecte:up/@/rgerseo/umrodcuel:e//sg/rAes/ymnocdSuhuletds/oTwne.lseysm.etmjrsyS, elnidn.es y7s.2m7j: sE:r8r03or::18 P
sheastuep "@rpersofoile-befuorrcee-c:/h/agrneg/em"o diusl efsi/nTieslheemde,tr yiSten di.ss ytoso. mljast:2e 41t:30
setupTelemetory/ trheigsi.s_tdeerl acyoemdpIlneittiToans kc<o@nrdeistoiuornc e":O/S/.gFriel/em:od ulfelsu/sThe lIe/mOe tqruyeCuoentrollerParent.dsys .mjs:828:36
obbseefrovree@ rpersoofuirlceeB:e/f/ogrreeC/hmaondguel"e
sJ/aAvsaySnccrSihputt deorwnr.osry:s .rmejsso:u5r7c6e::1/6/
g
rWeA/RmNoIdNuGl:e sA/ AbslyoncckSehru tednocwonu.nstyesr.emdj sa, line 727: Error: nPhase "profile-before-ch anege" is finished, it is too late to register completiron condition "ror while we OS.wFeirlee :wai tfilnush I/O qgueued befo.r
e   p r o f i l e B eBfloorcekCehra:n g eT"e
lJemeatvraySCcornitprto lleerr:r osrh:u trteisnogu rdcoew:n/
/ g r e / m o d u l ePsh/aAssey:n cpSrhouftidloew-nb.esfyosr.em-jcsh,a nlgien-et e7l2e7m:e tErryr
o r :   P h a s e   "Sptraotfei:l eE-rbreofro rgee-tcthianngg e"s tiast ef:i nErirsohre:d ,Ph aiste  i"sp rtoofoi latlee -tboe froergei-scthearn gcompleet"i oins  cfoinndiisthieodn,  "iOtS .iFsi lteo:o  fllautseh  tIo/ Or eqguiesuteedr  bceofmoplreet iporno fciolnediBteifoonr e"COhSa.nFgiel"e
:J aflvuasShc rIi/pOt  qeureruoed rb:e froerseo uprrcoef:i/l/egBreef/omroedCuhlaensg/eA"s yantc SahdudtBdloowcnk.esry@sr.emsjosu,r clei:n/e/ g7r2e7/:m oEdrurloers:/ APshyansceS hutdown."spyrso.fmijlse:-7b2e7f:o1r5e
-acdhdaBnge" isl ofcikneirs@hreeds,o uirtc ei:s/ /tgoroe /late to rmeogdiuslteesr/ AcsoymnpclSehtuitodno wcno.nsdyist.imojns :"5O2S3.:F2i6l
ea:d dfBlluoschk eIr/@Or eqsuoeuurecde :b/e/fgorree/ mpordouflielse/BAesfyonrceSChhuatndgoewn".
syJsa.vmajSsc:r4i5p8t: 1e5r
rseotru:p Srheustoduorwcne@:r/e/sgoruer/cmeo:d/u/lgerse//AmsoydnuclSehsu/todsofwinl.es/yoss.fmijlse,_ alsiynnec _727: fErrornotr.:j sPmh:a1s5e 4"8p:r2o8f
i@lree-sboeufrocree:-/c/hgarneg/em"o diusl efsi/osfile/noissfhielde,_ aisty nc_fronits. jtsomo: 1l5a6t8e: 1t6o
 @rreegsiosutrecre :c/o/mgprlee/tmodulieosn/ ocsofnidliet.ijosnm :"1O2S:.3F0i
l@er:e sfoluursche :I///Og rqeu/emuoeddu lbeesf/oTreel epmreotfriylSetBoerfaogree.Cshyasn.gmej"s
:10:28
_checkPendingPings@resource://gre/modules/TelemetrySend.sys.mjs:863:17
setup@resource://gre/modules/TelemetrySend.sys.mjs:803:18
setup@resource://gre/modules/TelemetrySend.sys.mjs:241:30
setupTelemetry/this._delayedInitTask<@resource://gre/modules/TelemetryControllerParent.sys.mjs:828:36
observe@resource://gre/modules/AsyncShutdown.sys.mjs:576:16

WARNING: Error: Phase "profile-before-change" is finished, it is too late to register completion condition "OS.File: flush I/O queued before profileBeforeChange"
WARNING: addBlocker@resource://gre/modules/AsyncShutdown.sys.mjs:727:15
addBlocker@resource://gre/modules/AsyncShutdown.sys.mjs:523:26
addBlocker@resource://gre/modules/AsyncShutdown.sys.mjs:458:15
setupShutdown@resource://gre/modules/osfile/osfile_async_front.jsm:1548:28
@resource://gre/modules/osfile/osfile_async_front.jsm:1568:16
@resource://gre/modules/osfile.jsm:12:30
@resource://gre/modules/TelemetryStorage.sys.mjs:10:28
_checkPendingPings@resource://gre/modules/TelemetrySend.sys.mjs:863:17
setup@resource://gre/modules/TelemetrySend.sys.mjs:803:18
setup@resource://gre/modules/TelemetrySend.sys.mjs:241:30
setupTelemetry/this._delayedInitTask<@resource://gre/modules/TelemetryControllerParent.sys.mjs:828:36
observe@resource://gre/modules/AsyncShutdown.sys.mjs:576:16

]]></system-err>
  </testcase>
</testsuite>